<?xml version="1.0" encoding="UTF-8"?>
<!-- Generated by org.testng.reporters.JUnitReportReporter -->
<testsuite skipped="0" hostname="welcome-PC" name="com.steel.NewTest" tests="1" failures="0" timestamp="06 Aug 2018 02:37:01 GMT" time="0.054" errors="0">
  <testcase name="f" time="0.054" classname="com.steel.NewTest"/>
</testsuite> <!-- com.steel.NewTest -->
